{"uuid": "58e30391-4297-4918-9e33-7825a2725006", "children": ["294f4707-11c8-4d2a-a992-04f782f7c1ae"], "befores": [{"name": "order", "status": "broken", "statusDetails": {"message": "selenium.common.exceptions.ElementClickInterceptedException: Message: element click intercepted: Element <button type=\"button\" class=\"Modal_modal__close_modified__3V5XS Modal_modal__close__TnseK\">...</button> is not clickable at point (1586, 371). Other element would receive the click: <div class=\"Modal_modal_overlay__x2ZCr\"></div>\n  (Session info: chrome=126.0.6478.114)\nStacktrace:\n\tGetHandleVerifier [0x00007FF7E9013E32+31618]\n\t(No symbol) [0x00007FF7E8F8B099]\n\t(No symbol) [0x00007FF7E8E4888A]\n\t(No symbol) [0x00007FF7E8EA022E]\n\t(No symbol) [0x00007FF7E8E9DBE2]\n\t(No symbol) [0x00007FF7E8E9B07B]\n\t(No symbol) [0x00007FF7E8E9A246]\n\t(No symbol) [0x00007FF7E8E8C281]\n\t(No symbol) [0x00007FF7E8EBD10A]\n\t(No symbol) [0x00007FF7E8E8BBA6]\n\t(No symbol) [0x00007FF7E8EBD320]\n\t(No symbol) [0x00007FF7E8EDCA80]\n\t(No symbol) [0x00007FF7E8EBCEB3]\n\t(No symbol) [0x00007FF7E8E8A46B]\n\t(No symbol) [0x00007FF7E8E8B001]\n\tGetHandleVerifier [0x00007FF7E9319FFD+3202381]\n\tGetHandleVerifier [0x00007FF7E9366A1D+3516269]\n\tGetHandleVerifier [0x00007FF7E935C490+3473888]\n\tGetHandleVerifier [0x00007FF7E90C5D36+760454]\n\t(No symbol) [0x00007FF7E8F96B3F]\n\t(No symbol) [0x00007FF7E8F91CD4]\n\t(No symbol) [0x00007FF7E8F91E62]\n\t(No symbol) [0x00007FF7E8F8120F]\n\tBaseThreadInitThunk [0x00007FFCE74353E0+16]\n\tRtlUserThreadStart [0x00007FFCE8E4485B+43]\n\n", "trace": "  File \"E:\\Diplom\\Diplom_3\\.venv\\Lib\\site-packages\\pluggy\\_callers.py\", line 167, in _multicall\n    teardown.throw(outcome._exception)\n  File \"E:\\Diplom\\Diplom_3\\.venv\\Lib\\site-packages\\_pytest\\setuponly.py\", line 36, in pytest_fixture_setup\n    return (yield)\n            ^^^^^\n  File \"E:\\Diplom\\Diplom_3\\.venv\\Lib\\site-packages\\pluggy\\_callers.py\", line 103, in _multicall\n    res = hook_impl.function(*args)\n          ^^^^^^^^^^^^^^^^^^^^^^^^^\n  File \"E:\\Diplom\\Diplom_3\\.venv\\Lib\\site-packages\\_pytest\\fixtures.py\", line 1125, in pytest_fixture_setup\n    result = call_fixture_func(fixturefunc, request, kwargs)\n             ^^^^^^^^^^^^^^^^^^^^^^^^^^^^^^^^^^^^^^^^^^^^^^^\n  File \"E:\\Diplom\\Diplom_3\\.venv\\Lib\\site-packages\\_pytest\\fixtures.py\", line 887, in call_fixture_func\n    fixture_result = fixturefunc(**kwargs)\n                     ^^^^^^^^^^^^^^^^^^^^^\n  File \"E:\\Diplom\\Diplom_3\\conftest.py\", line 111, in order\n    create_order(index_page)\n  File \"E:\\Diplom\\Diplom_3\\helpers.py\", line 5, in create_order\n    index_page.click_cross_button_in_popup_window()\n  File \"E:\\Diplom\\Diplom_3\\.venv\\Lib\\site-packages\\allure_commons\\_allure.py\", line 192, in impl\n    return func(*a, **kw)\n           ^^^^^^^^^^^^^^\n  File \"E:\\Diplom\\Diplom_3\\pages\\index_page.py\", line 24, in click_cross_button_in_popup_window\n    self.click_by_element(IndexPageLocators.BUTTON_CROSS_IN_POPUP_WINDOW)\n  File \"E:\\Diplom\\Diplom_3\\pages\\base_page.py\", line 28, in click_by_element\n    WDWait(self.web_drv, timeout).until(ec.element_to_be_clickable(locator)).click()\n  File \"E:\\Diplom\\Diplom_3\\.venv\\Lib\\site-packages\\selenium\\webdriver\\remote\\webelement.py\", line 94, in click\n    self._execute(Command.CLICK_ELEMENT)\n  File \"E:\\Diplom\\Diplom_3\\.venv\\Lib\\site-packages\\selenium\\webdriver\\remote\\webelement.py\", line 395, in _execute\n    return self._parent.execute(command, params)\n           ^^^^^^^^^^^^^^^^^^^^^^^^^^^^^^^^^^^^^\n  File \"E:\\Diplom\\Diplom_3\\.venv\\Lib\\site-packages\\selenium\\webdriver\\remote\\webdriver.py\", line 347, in execute\n    self.error_handler.check_response(response)\n  File \"E:\\Diplom\\Diplom_3\\.venv\\Lib\\site-packages\\selenium\\webdriver\\remote\\errorhandler.py\", line 229, in check_response\n    raise exception_class(message, screen, stacktrace)\n"}, "steps": [{"name": "Добавляем ингредиент в заказ", "status": "passed", "parameters": [{"name": "index", "value": "1"}], "start": 1719209113701, "stop": 1719209114301}, {"name": "Добавляем ингредиент в заказ", "status": "passed", "parameters": [{"name": "index", "value": "4"}], "start": 1719209114301, "stop": 1719209114378}, {"name": "Нажимаем на кнопку 'Оформить заказ'", "status": "passed", "start": 1719209114378, "stop": 1719209114422}, {"name": "Нажимаем на крестик во всплывающем окне", "status": "broken", "statusDetails": {"message": "selenium.common.exceptions.ElementClickInterceptedException: Message: element click intercepted: Element <button type=\"button\" class=\"Modal_modal__close_modified__3V5XS Modal_modal__close__TnseK\">...</button> is not clickable at point (1586, 371). Other element would receive the click: <div class=\"Modal_modal_overlay__x2ZCr\"></div>\n  (Session info: chrome=126.0.6478.114)\nStacktrace:\n\tGetHandleVerifier [0x00007FF7E9013E32+31618]\n\t(No symbol) [0x00007FF7E8F8B099]\n\t(No symbol) [0x00007FF7E8E4888A]\n\t(No symbol) [0x00007FF7E8EA022E]\n\t(No symbol) [0x00007FF7E8E9DBE2]\n\t(No symbol) [0x00007FF7E8E9B07B]\n\t(No symbol) [0x00007FF7E8E9A246]\n\t(No symbol) [0x00007FF7E8E8C281]\n\t(No symbol) [0x00007FF7E8EBD10A]\n\t(No symbol) [0x00007FF7E8E8BBA6]\n\t(No symbol) [0x00007FF7E8EBD320]\n\t(No symbol) [0x00007FF7E8EDCA80]\n\t(No symbol) [0x00007FF7E8EBCEB3]\n\t(No symbol) [0x00007FF7E8E8A46B]\n\t(No symbol) [0x00007FF7E8E8B001]\n\tGetHandleVerifier [0x00007FF7E9319FFD+3202381]\n\tGetHandleVerifier [0x00007FF7E9366A1D+3516269]\n\tGetHandleVerifier [0x00007FF7E935C490+3473888]\n\tGetHandleVerifier [0x00007FF7E90C5D36+760454]\n\t(No symbol) [0x00007FF7E8F96B3F]\n\t(No symbol) [0x00007FF7E8F91CD4]\n\t(No symbol) [0x00007FF7E8F91E62]\n\t(No symbol) [0x00007FF7E8F8120F]\n\tBaseThreadInitThunk [0x00007FFCE74353E0+16]\n\tRtlUserThreadStart [0x00007FFCE8E4485B+43]\n\n", "trace": "  File \"E:\\Diplom\\Diplom_3\\.venv\\Lib\\site-packages\\allure_commons\\_allure.py\", line 192, in impl\n    return func(*a, **kw)\n           ^^^^^^^^^^^^^^\n  File \"E:\\Diplom\\Diplom_3\\pages\\index_page.py\", line 24, in click_cross_button_in_popup_window\n    self.click_by_element(IndexPageLocators.BUTTON_CROSS_IN_POPUP_WINDOW)\n  File \"E:\\Diplom\\Diplom_3\\pages\\base_page.py\", line 28, in click_by_element\n    WDWait(self.web_drv, timeout).until(ec.element_to_be_clickable(locator)).click()\n  File \"E:\\Diplom\\Diplom_3\\.venv\\Lib\\site-packages\\selenium\\webdriver\\remote\\webelement.py\", line 94, in click\n    self._execute(Command.CLICK_ELEMENT)\n  File \"E:\\Diplom\\Diplom_3\\.venv\\Lib\\site-packages\\selenium\\webdriver\\remote\\webelement.py\", line 395, in _execute\n    return self._parent.execute(command, params)\n           ^^^^^^^^^^^^^^^^^^^^^^^^^^^^^^^^^^^^^\n  File \"E:\\Diplom\\Diplom_3\\.venv\\Lib\\site-packages\\selenium\\webdriver\\remote\\webdriver.py\", line 347, in execute\n    self.error_handler.check_response(response)\n  File \"E:\\Diplom\\Diplom_3\\.venv\\Lib\\site-packages\\selenium\\webdriver\\remote\\errorhandler.py\", line 229, in check_response\n    raise exception_class(message, screen, stacktrace)\n"}, "start": 1719209114422, "stop": 1719209115517}], "start": 1719209113701, "stop": 1719209115517}], "start": 1719209113701, "stop": 1719209115617}